<?xml version="1.0" encoding="UTF-8"?>
<!-- Generated by org.testng.reporters.JUnitXMLReporter -->
<testsuite hostname="DESKTOP-JMSEGEJ" ignored="0" tests="4" failures="0" timestamp="2020-05-27T17:25:10 PDT" time="14.949" errors="0">
  <testcase name="NegativeTestCasesSearchByCode" time="7.16" classname="TestCapitals"/>
  <testcase name="NegativeTestCasesSearchByCountryName" time="3.728" classname="TestCapitals"/>
  <testcase name="positiveTestCasesSearchByCode" time="2.018" classname="TestCapitals"/>
  <testcase name="positiveTestCasesSearchByCountryName" time="1.975" classname="TestCapitals"/>
</testsuite>
