<?xml version="1.0" encoding="UTF-8"?>
<!-- Generated by org.testng.reporters.JUnitXMLReporter -->
<testsuite hostname="DESKTOP-JMSEGEJ" ignored="0" tests="4" failures="0" timestamp="2020-05-27T20:37:32 PDT" time="15.836" errors="0">
  <testcase name="NegativeTestCasesSearchByCode" time="10.871" classname="TestCapitals"/>
  <testcase name="NegativeTestCasesSearchByCountryName" time="1.425" classname="TestCapitals"/>
  <testcase name="positiveTestCasesSearchByCode" time="1.697" classname="TestCapitals"/>
  <testcase name="positiveTestCasesSearchByCountryName" time="1.718" classname="TestCapitals"/>
</testsuite>
