<?xml version="1.0" encoding="UTF-8"?>
<testng-results skipped="0" failed="0" ignored="0" total="4" passed="4">
  <reporter-output>
  </reporter-output>
  <suite name="Default suite" duration-ms="15836" started-at="2020-05-27T20:37:16 PDT" finished-at="2020-05-27T20:37:32 PDT">
    <groups>
    </groups>
    <test name="Default test" duration-ms="15836" started-at="2020-05-27T20:37:16 PDT" finished-at="2020-05-27T20:37:32 PDT">
      <class name="TestCapitals">
        <test-method status="PASS" signature="NegativeTestCasesSearchByCode()[pri:0, instance:TestCapitals@50b494a6]" name="NegativeTestCasesSearchByCode" duration-ms="10871" started-at="2020-05-27T20:37:16 PDT" finished-at="2020-05-27T20:37:27 PDT">
          <reporter-output>
          </reporter-output>
        </test-method> <!-- NegativeTestCasesSearchByCode -->
        <test-method status="PASS" signature="NegativeTestCasesSearchByCountryName()[pri:0, instance:TestCapitals@50b494a6]" name="NegativeTestCasesSearchByCountryName" duration-ms="1425" started-at="2020-05-27T20:37:27 PDT" finished-at="2020-05-27T20:37:29 PDT">
          <reporter-output>
          </reporter-output>
        </test-method> <!-- NegativeTestCasesSearchByCountryName -->
        <test-method status="PASS" signature="positiveTestCasesSearchByCode()[pri:0, instance:TestCapitals@50b494a6]" name="positiveTestCasesSearchByCode" duration-ms="1697" started-at="2020-05-27T20:37:29 PDT" finished-at="2020-05-27T20:37:30 PDT">
          <reporter-output>
          </reporter-output>
        </test-method> <!-- positiveTestCasesSearchByCode -->
        <test-method status="PASS" signature="positiveTestCasesSearchByCountryName()[pri:0, instance:TestCapitals@50b494a6]" name="positiveTestCasesSearchByCountryName" duration-ms="1718" started-at="2020-05-27T20:37:30 PDT" finished-at="2020-05-27T20:37:32 PDT">
          <reporter-output>
          </reporter-output>
        </test-method> <!-- positiveTestCasesSearchByCountryName -->
      </class> <!-- TestCapitals -->
    </test> <!-- Default test -->
  </suite> <!-- Default suite -->
</testng-results>
